<?xml version="1.0" encoding="UTF-8"?>
<testsuite xmlns:xsi="http://www.w3.org/2001/XMLSchema-instance" xsi:noNamespaceSchemaLocation="https://maven.apache.org/surefire/maven-surefire-plugin/xsd/surefire-test-report-3.0.xsd" version="3.0" name="com.example.springbatch.SpringbatchApplicationTests" time="3.939" tests="1" errors="0" skipped="0" failures="0">
  <properties>
[...]
</properties>
  <testcase name="importUserJob_WhenJobEnds_ThenStatusCompleted" classname="com.example.springbatch.SpringbatchApplicationTests" time="0.176">
    <system-out><![CDATA[12:09:10.228 [main] INFO org.springframework.test.context.support.AnnotationConfigContextLoaderUtils -- Could not detect default configuration classes for test class [com.example.springbatch.SpringbatchApplicationTests]: SpringbatchApplicationTests does not declare any static, non-private, non-final, nested classes annotated with @Configuration.
12:09:10.330 [main] INFO org.springframework.boot.test.context.SpringBootTestContextBootstrapper -- Found @SpringBootConfiguration com.example.springbatch.SpringbatchApplication for test class com.example.springbatch.SpringbatchApplicationTests
12:09:10.471 [main] INFO org.springframework.boot.devtools.restart.RestartApplicationListener -- Restart disabled due to context in which it is running

  .   ____          _            __ _ _
 /\\ / ___'_ __ _ _(_)_ __  __ _ \ \ \ \
( ( )\___ | '_ | '_| | '_ \/ _` | \ \ \ \
 \\/  ___)| |_)| | | | | || (_| |  ) ) ) )
  '  |____| .__|_| |_|_| |_\__, | / / / /
 =========|_|==============|___/=/_/_/_/
 :: Spring Boot ::                (v3.2.2)

2024-01-28T12:09:10.802+01:00  INFO 15488 --- [           main] c.e.s.SpringbatchApplicationTests        : Starting SpringbatchApplicationTests using Java 17.0.9 with PID 15488 (started by oc in /home/oc/projects/springbatch)
2024-01-28T12:09:10.804+01:00  INFO 15488 --- [           main] c.e.s.SpringbatchApplicationTests        : The following 1 profile is active: "test"
2024-01-28T12:09:11.350+01:00  INFO 15488 --- [           main] o.s.b.c.c.annotation.BatchRegistrar      : Finished Spring Batch infrastructure beans configuration in 3 ms.
2024-01-28T12:09:11.615+01:00  INFO 15488 --- [           main] .s.d.r.c.RepositoryConfigurationDelegate : Bootstrapping Spring Data JPA repositories in DEFAULT mode.
2024-01-28T12:09:11.635+01:00  INFO 15488 --- [           main] .s.d.r.c.RepositoryConfigurationDelegate : Finished Spring Data repository scanning in 14 ms. Found 0 JPA repository interfaces.
2024-01-28T12:09:11.907+01:00  WARN 15488 --- [           main] trationDelegate$BeanPostProcessorChecker : Bean 'jobRegistry' of type [org.springframework.batch.core.configuration.support.MapJobRegistry] is not eligible for getting processed by all BeanPostProcessors (for example: not eligible for auto-proxying). Is this bean getting eagerly injected into a currently created BeanPostProcessor [jobRegistryBeanPostProcessor]? Check the corresponding BeanPostProcessor declaration and its dependencies.
2024-01-28T12:09:12.002+01:00  INFO 15488 --- [           main] com.zaxxer.hikari.HikariDataSource       : HikariPool-1 - Starting...
2024-01-28T12:09:12.204+01:00  INFO 15488 --- [           main] com.zaxxer.hikari.pool.HikariPool        : HikariPool-1 - Added connection conn0: url=jdbc:h2:mem:12a27598-d06c-42f3-be19-eee96d18d620 user=SA
2024-01-28T12:09:12.206+01:00  INFO 15488 --- [           main] com.zaxxer.hikari.HikariDataSource       : HikariPool-1 - Start completed.
2024-01-28T12:09:12.377+01:00  INFO 15488 --- [           main] o.hibernate.jpa.internal.util.LogHelper  : HHH000204: Processing PersistenceUnitInfo [name: default]
2024-01-28T12:09:12.437+01:00  INFO 15488 --- [           main] org.hibernate.Version                    : HHH000412: Hibernate ORM core version 6.4.1.Final
2024-01-28T12:09:12.483+01:00  INFO 15488 --- [           main] o.h.c.internal.RegionFactoryInitiator    : HHH000026: Second-level cache disabled
2024-01-28T12:09:12.726+01:00  INFO 15488 --- [           main] o.s.o.j.p.SpringPersistenceUnitInfo      : No LoadTimeWeaver setup: ignoring JPA class transformer
2024-01-28T12:09:13.122+01:00  INFO 15488 --- [           main] o.h.e.t.j.p.i.JtaPlatformInitiator       : HHH000489: No JTA platform available (set 'hibernate.transaction.jta.platform' to enable JTA platform integration)
2024-01-28T12:09:13.128+01:00  INFO 15488 --- [           main] j.LocalContainerEntityManagerFactoryBean : Initialized JPA EntityManagerFactory for persistence unit 'default'
2024-01-28T12:09:13.149+01:00  INFO 15488 --- [           main] o.s.b.c.r.s.JobRepositoryFactoryBean     : No database type set, using meta data indicating: H2
2024-01-28T12:09:13.209+01:00  INFO 15488 --- [           main] .c.a.BatchObservabilityBeanPostProcessor : No Micrometer observation registry found, defaulting to ObservationRegistry.NOOP
2024-01-28T12:09:13.230+01:00  INFO 15488 --- [           main] .c.a.BatchObservabilityBeanPostProcessor : No Micrometer observation registry found, defaulting to ObservationRegistry.NOOP
2024-01-28T12:09:13.233+01:00  INFO 15488 --- [           main] o.s.b.c.l.support.SimpleJobLauncher      : No TaskExecutor has been set, defaulting to synchronous executor.
2024-01-28T12:09:13.387+01:00  WARN 15488 --- [           main] JpaBaseConfiguration$JpaWebConfiguration : spring.jpa.open-in-view is enabled by default. Therefore, database queries may be performed during view rendering. Explicitly configure spring.jpa.open-in-view to disable this warning
2024-01-28T12:09:13.807+01:00  INFO 15488 --- [           main] c.e.s.SpringbatchApplicationTests        : Started SpringbatchApplicationTests in 3.349 seconds (process running for 4.26)
2024-01-28T12:09:13.893+01:00  INFO 15488 --- [           main] o.s.b.c.l.support.SimpleJobLauncher      : Job: [SimpleJob: [name=importUserJob]] launched with the following parameters: [{'random':'{value=4418062329921367575, type=class java.lang.Long, identifying=true}'}]
2024-01-28T12:09:13.917+01:00  INFO 15488 --- [           main] o.s.batch.core.job.SimpleStepHandler     : Executing step: [step1]
2024-01-28T12:09:13.938+01:00  INFO 15488 --- [           main] c.e.springbatch.PersonItemProcessor      : Converting (Person[firstName=Jill, lastName=Doe]) into (Person[firstName=JILL, lastName=DOE])
2024-01-28T12:09:13.939+01:00  INFO 15488 --- [           main] c.e.springbatch.PersonItemProcessor      : Converting (Person[firstName=Joe, lastName=Doe]) into (Person[firstName=JOE, lastName=DOE])
2024-01-28T12:09:13.939+01:00  INFO 15488 --- [           main] c.e.springbatch.PersonItemProcessor      : Converting (Person[firstName=Justin, lastName=Doe]) into (Person[firstName=JUSTIN, lastName=DOE])
2024-01-28T12:09:13.948+01:00  INFO 15488 --- [           main] c.e.springbatch.PersonItemProcessor      : Converting (Person[firstName=Jane, lastName=Doe]) into (Person[firstName=JANE, lastName=DOE])
2024-01-28T12:09:13.948+01:00  INFO 15488 --- [           main] c.e.springbatch.PersonItemProcessor      : Converting (Person[firstName=John, lastName=Doe]) into (Person[firstName=JOHN, lastName=DOE])
2024-01-28T12:09:13.953+01:00  INFO 15488 --- [           main] o.s.batch.core.step.AbstractStep         : Step: [step1] executed in 35ms
2024-01-28T12:09:13.957+01:00  INFO 15488 --- [           main] c.e.s.JobCompletionNotificationListener  : !!! JOB FINISHED! Time to verify the results
2024-01-28T12:09:13.961+01:00  INFO 15488 --- [           main] c.e.s.JobCompletionNotificationListener  : Found <{Person[firstName=JILL, lastName=DOE]}> in the database.
2024-01-28T12:09:13.961+01:00  INFO 15488 --- [           main] c.e.s.JobCompletionNotificationListener  : Found <{Person[firstName=JOE, lastName=DOE]}> in the database.
2024-01-28T12:09:13.961+01:00  INFO 15488 --- [           main] c.e.s.JobCompletionNotificationListener  : Found <{Person[firstName=JUSTIN, lastName=DOE]}> in the database.
2024-01-28T12:09:13.962+01:00  INFO 15488 --- [           main] c.e.s.JobCompletionNotificationListener  : Found <{Person[firstName=JANE, lastName=DOE]}> in the database.
2024-01-28T12:09:13.962+01:00  INFO 15488 --- [           main] c.e.s.JobCompletionNotificationListener  : Found <{Person[firstName=JOHN, lastName=DOE]}> in the database.
2024-01-28T12:09:13.968+01:00  INFO 15488 --- [           main] o.s.b.c.l.support.SimpleJobLauncher      : Job: [SimpleJob: [name=importUserJob]] completed with the following parameters: [{'random':'{value=4418062329921367575, type=class java.lang.Long, identifying=true}'}] and the following status: [COMPLETED] in 54ms
]]></system-out>
  </testcase>
</testsuite>